-------------------------------------------------------------------------------
      name:  <unnamed>
       log:  /Users/echow/QSU/SEER-medicare/code/00_clean_pedsf.log
  log type:  text
 opened on:  30 Apr 2018, 10:28:11

. local start = "$S_TIME"

. 
. * ---------------------------------------------------------------------------
> ---
. * SEER Medicare clean up
. * Eric Chow, 04-27-2017
. *
. * appends the 6 pedsf files that list all the cancer cases (cancer dgn file)
. * these files were obtained by running the SAS scripts provided by medicare
. * destring, and subsets the population
. * ---------------------------------------------------------------------------
> ---
. 
. set more off

. 
. clear 

. clear mata

. clear matrix

. set maxvar 10000 


. 
. * ---------------------------------
. * this program opens the pedsf file
. * selects vars, destrings them and
. * saves to a smaller dta.
. 
. capture program drop clean_pedsf

. program define clean_pedsf
  1.         args filepath
  2.         
.         use "`filepath'"
  3. 
.         keep patient_id mat_type med_dodm med_dodd med_dody ser_dodm ser_dody
>   ///
>                  birthm birthyr yr_brth m_sex race srace agedx* ///
>                  med_stcd medst_yr state county zip5 s_sex rac_recy rac_reca 
> cod10v ///
>                  count resnrec marst* nosrg* rad* ///
>                  seq* modx*  yrdx* site* gho* lat* hist* beh* grade* dxconf* 
> src* e10* cstum* ///
>                  ptacnt* ptbcnt* hmocnt* stbuyin* registry* typefu* ///
>                  hstst* ajccstg* aj3sr* frstprm* summ2k* vsrtdx* intprim* ///
>                  srvm* monrx* yearrx* 
  4.          
.         encode mat_type, gen(mat_type_)
  5.         drop mat_type
  6. 
.         destring  m_sex race med_stcd medst_yr ///
>         state county s_sex rac_recy rac_reca  srace count resnrec ///
>         ptacnt* ptbcnt* hmocnt* stbuyin* marst* agedx* seq*  site* ///
>         lat* hist* beh* hist* grade* dxconf* src* e10* cstum* nosrg* rad* typ
> efu*  ///
>         aj3sr* hstst* ajccstg* frstprm* summ2k* vsrtdx* intprim* srvm* monrx*
>  yearrx* , replace
  7.          
.         destring registry* , replace force
  8.         saveold "`filepath'_small", v(12) replace
  9. end

. 
. 
end of do-file

. do "/var/folders/x2/gkyq3hbx5219h68lwx_tsv540000gn/T//SD33348.000000"

. clean_pedsf "/Volumes/QSU/Datasets/SEER_medicare/pedsf_06"
m_sex: all characters numeric; replaced as byte
race: all characters numeric; replaced as byte
med_stcd: all characters numeric; replaced as byte
(4 missing values generated)
medst_yr: all characters numeric; replaced as int
(4 missing values generated)
state: all characters numeric; replaced as byte
county: all characters numeric; replaced as int
s_sex: all characters numeric; replaced as byte
rac_recy: all characters numeric; replaced as byte
rac_reca: all characters numeric; replaced as byte
srace: all characters numeric; replaced as byte
count: all characters numeric; replaced as byte
resnrec: all characters numeric; replaced as byte
ptacnt1991: all characters numeric; replaced as byte
ptacnt1992: all characters numeric; replaced as byte
ptacnt1993: all characters numeric; replaced as byte
ptacnt1994: all characters numeric; replaced as byte
ptacnt1995: all characters numeric; replaced as byte
ptacnt1996: all characters numeric; replaced as byte
ptacnt1997: all characters numeric; replaced as byte
ptacnt1998: all characters numeric; replaced as byte
ptacnt1999: all characters numeric; replaced as byte
ptacnt2000: all characters numeric; replaced as byte
ptacnt2001: all characters numeric; replaced as byte
ptacnt2002: all characters numeric; replaced as byte
ptacnt2003: all characters numeric; replaced as byte
ptacnt2004: all characters numeric; replaced as byte
ptacnt2005: all characters numeric; replaced as byte
ptacnt2006: all characters numeric; replaced as byte
ptacnt2007: all characters numeric; replaced as byte
ptacnt2008: all characters numeric; replaced as byte
ptacnt2009: all characters numeric; replaced as byte
ptacnt2010: all characters numeric; replaced as byte
ptacnt2011: all characters numeric; replaced as byte
ptacnt2012: all characters numeric; replaced as byte
ptacnt2013: all characters numeric; replaced as byte
ptacnt2014: all characters numeric; replaced as byte
ptacnt2015: all characters numeric; replaced as byte
ptbcnt1991: all characters numeric; replaced as byte
ptbcnt1992: all characters numeric; replaced as byte
ptbcnt1993: all characters numeric; replaced as byte
ptbcnt1994: all characters numeric; replaced as byte
ptbcnt1995: all characters numeric; replaced as byte
ptbcnt1996: all characters numeric; replaced as byte
ptbcnt1997: all characters numeric; replaced as byte
ptbcnt1998: all characters numeric; replaced as byte
ptbcnt1999: all characters numeric; replaced as byte
ptbcnt2000: all characters numeric; replaced as byte
ptbcnt2001: all characters numeric; replaced as byte
ptbcnt2002: all characters numeric; replaced as byte
ptbcnt2003: all characters numeric; replaced as byte
ptbcnt2004: all characters numeric; replaced as byte
ptbcnt2005: all characters numeric; replaced as byte
ptbcnt2006: all characters numeric; replaced as byte
ptbcnt2007: all characters numeric; replaced as byte
ptbcnt2008: all characters numeric; replaced as byte
ptbcnt2009: all characters numeric; replaced as byte
ptbcnt2010: all characters numeric; replaced as byte
ptbcnt2011: all characters numeric; replaced as byte
ptbcnt2012: all characters numeric; replaced as byte
ptbcnt2013: all characters numeric; replaced as byte
ptbcnt2014: all characters numeric; replaced as byte
ptbcnt2015: all characters numeric; replaced as byte
hmocnt1991: all characters numeric; replaced as byte
hmocnt1992: all characters numeric; replaced as byte
hmocnt1993: all characters numeric; replaced as byte
hmocnt1994: all characters numeric; replaced as byte
hmocnt1995: all characters numeric; replaced as byte
hmocnt1996: all characters numeric; replaced as byte
hmocnt1997: all characters numeric; replaced as byte
hmocnt1998: all characters numeric; replaced as byte
hmocnt1999: all characters numeric; replaced as byte
hmocnt2000: all characters numeric; replaced as byte
hmocnt2001: all characters numeric; replaced as byte
hmocnt2002: all characters numeric; replaced as byte
hmocnt2003: all characters numeric; replaced as byte
hmocnt2004: all characters numeric; replaced as byte
hmocnt2005: all characters numeric; replaced as byte
hmocnt2006: all characters numeric; replaced as byte
hmocnt2007: all characters numeric; replaced as byte
hmocnt2008: all characters numeric; replaced as byte
hmocnt2009: all characters numeric; replaced as byte
hmocnt2010: all characters numeric; replaced as byte
hmocnt2011: all characters numeric; replaced as byte
hmocnt2012: all characters numeric; replaced as byte
hmocnt2013: all characters numeric; replaced as byte
hmocnt2014: all characters numeric; replaced as byte
hmocnt2015: all characters numeric; replaced as byte
stbuyin1991: all characters numeric; replaced as byte
stbuyin1992: all characters numeric; replaced as byte
stbuyin1993: all characters numeric; replaced as byte
stbuyin1994: all characters numeric; replaced as byte
stbuyin1995: all characters numeric; replaced as byte
stbuyin1996: all characters numeric; replaced as byte
stbuyin1997: all characters numeric; replaced as byte
stbuyin1998: all characters numeric; replaced as byte
stbuyin1999: all characters numeric; replaced as byte
stbuyin2000: all characters numeric; replaced as byte
stbuyin2001: all characters numeric; replaced as byte
stbuyin2002: all characters numeric; replaced as byte
stbuyin2003: all characters numeric; replaced as byte
stbuyin2004: all characters numeric; replaced as byte
stbuyin2005: all characters numeric; replaced as byte
stbuyin2006: all characters numeric; replaced as byte
stbuyin2007: all characters numeric; replaced as byte
stbuyin2008: all characters numeric; replaced as byte
stbuyin2009: all characters numeric; replaced as byte
stbuyin2010: all characters numeric; replaced as byte
stbuyin2011: all characters numeric; replaced as byte
stbuyin2012: all characters numeric; replaced as byte
stbuyin2013: all characters numeric; replaced as byte
stbuyin2014: all characters numeric; replaced as byte
stbuyin2015: all characters numeric; replaced as byte
marst1: all characters numeric; replaced as byte
marst2: all characters numeric; replaced as byte
(7650 missing values generated)
marst3: all characters numeric; replaced as byte
(9196 missing values generated)
marst4: all characters numeric; replaced as byte
(9483 missing values generated)
marst5: all characters numeric; replaced as byte
(9521 missing values generated)
marst6: all characters numeric; replaced as byte
(9531 missing values generated)
marst7: all characters numeric; replaced as byte
(9534 missing values generated)
marst8: all characters numeric; replaced as byte
(9534 missing values generated)
marst9: all characters numeric; replaced as byte
(9534 missing values generated)
marst10: all characters numeric; replaced as byte
(9534 missing values generated)
agedx1: all characters numeric; replaced as int
agedx2: all characters numeric; replaced as byte
(7650 missing values generated)
agedx3: all characters numeric; replaced as byte
(9196 missing values generated)
agedx4: all characters numeric; replaced as byte
(9483 missing values generated)
agedx5: all characters numeric; replaced as byte
(9521 missing values generated)
agedx6: all characters numeric; replaced as byte
(9531 missing values generated)
agedx7: all characters numeric; replaced as byte
(9534 missing values generated)
agedx8: all characters numeric; replaced as byte
(9534 missing values generated)
agedx9: all characters numeric; replaced as byte
(9534 missing values generated)
agedx10: all characters numeric; replaced as byte
(9534 missing values generated)
seq1: all characters numeric; replaced as byte
seq2: all characters numeric; replaced as byte
(7615 missing values generated)
seq3: all characters numeric; replaced as byte
(9181 missing values generated)
seq4: all characters numeric; replaced as byte
(9483 missing values generated)
seq5: all characters numeric; replaced as byte
(9520 missing values generated)
seq6: all characters numeric; replaced as byte
(9531 missing values generated)
seq7: all characters numeric; replaced as byte
(9534 missing values generated)
seq8: all characters numeric; replaced as byte
(9534 missing values generated)
seq9: all characters numeric; replaced as byte
(9534 missing values generated)
seq10: all characters numeric; replaced as byte
(9534 missing values generated)
site1: all characters numeric; replaced as int
site2: all characters numeric; replaced as int
(7615 missing values generated)
site3: all characters numeric; replaced as int
(9181 missing values generated)
site4: all characters numeric; replaced as int
(9483 missing values generated)
site5: all characters numeric; replaced as int
(9520 missing values generated)
site6: all characters numeric; replaced as int
(9531 missing values generated)
site7: all characters numeric; replaced as byte
(9534 missing values generated)
site8: all characters numeric; replaced as byte
(9534 missing values generated)
site9: all characters numeric; replaced as byte
(9534 missing values generated)
site10: all characters numeric; replaced as byte
(9534 missing values generated)
siterwho1: all characters numeric; replaced as long
siterwho2: all characters numeric; replaced as long
(7615 missing values generated)
siterwho3: all characters numeric; replaced as long
(9181 missing values generated)
siterwho4: all characters numeric; replaced as long
(9483 missing values generated)
siterwho5: all characters numeric; replaced as int
(9520 missing values generated)
siterwho6: all characters numeric; replaced as int
(9531 missing values generated)
siterwho7: all characters numeric; replaced as byte
(9534 missing values generated)
siterwho8: all characters numeric; replaced as byte
(9534 missing values generated)
siterwho9: all characters numeric; replaced as byte
(9534 missing values generated)
siterwho10: all characters numeric; replaced as byte
(9534 missing values generated)
lat1: all characters numeric; replaced as byte
lat2: all characters numeric; replaced as byte
(7650 missing values generated)
lat3: all characters numeric; replaced as byte
(9196 missing values generated)
lat4: all characters numeric; replaced as byte
(9483 missing values generated)
lat5: all characters numeric; replaced as byte
(9521 missing values generated)
lat6: all characters numeric; replaced as byte
(9531 missing values generated)
lat7: all characters numeric; replaced as byte
(9534 missing values generated)
lat8: all characters numeric; replaced as byte
(9534 missing values generated)
lat9: all characters numeric; replaced as byte
(9534 missing values generated)
lat10: all characters numeric; replaced as byte
(9534 missing values generated)
hist2_1: all characters numeric; replaced as int
hist2_2: all characters numeric; replaced as int
(7650 missing values generated)
hist2_3: all characters numeric; replaced as int
(9196 missing values generated)
hist2_4: all characters numeric; replaced as int
(9483 missing values generated)
hist2_5: all characters numeric; replaced as int
(9521 missing values generated)
hist2_6: all characters numeric; replaced as int
(9531 missing values generated)
hist2_7: all characters numeric; replaced as byte
(9534 missing values generated)
hist2_8: all characters numeric; replaced as byte
(9534 missing values generated)
hist2_9: all characters numeric; replaced as byte
(9534 missing values generated)
hist2_10: all characters numeric; replaced as byte
(9534 missing values generated)
hist1: all characters numeric; replaced as int
hist2: all characters numeric; replaced as int
(7650 missing values generated)
hist3: all characters numeric; replaced as int
(9196 missing values generated)
hist4: all characters numeric; replaced as int
(9483 missing values generated)
hist5: all characters numeric; replaced as int
(9521 missing values generated)
hist6: all characters numeric; replaced as int
(9531 missing values generated)
hist7: all characters numeric; replaced as byte
(9534 missing values generated)
hist8: all characters numeric; replaced as byte
(9534 missing values generated)
hist9: all characters numeric; replaced as byte
(9534 missing values generated)
hist10: all characters numeric; replaced as byte
(9534 missing values generated)
histrec1: all characters numeric; replaced as byte
histrec2: all characters numeric; replaced as byte
(7650 missing values generated)
histrec3: all characters numeric; replaced as byte
(9196 missing values generated)
histrec4: all characters numeric; replaced as byte
(9483 missing values generated)
histrec5: all characters numeric; replaced as byte
(9521 missing values generated)
histrec6: all characters numeric; replaced as byte
(9531 missing values generated)
histrec7: all characters numeric; replaced as byte
(9534 missing values generated)
histrec8: all characters numeric; replaced as byte
(9534 missing values generated)
histrec9: all characters numeric; replaced as byte
(9534 missing values generated)
histrec10: all characters numeric; replaced as byte
(9534 missing values generated)
beh2_1: all characters numeric; replaced as byte
beh2_2: all characters numeric; replaced as byte
(7650 missing values generated)
beh2_3: all characters numeric; replaced as byte
(9196 missing values generated)
beh2_4: all characters numeric; replaced as byte
(9483 missing values generated)
beh2_5: all characters numeric; replaced as byte
(9521 missing values generated)
beh2_6: all characters numeric; replaced as byte
(9531 missing values generated)
beh2_7: all characters numeric; replaced as byte
(9534 missing values generated)
beh2_8: all characters numeric; replaced as byte
(9534 missing values generated)
beh2_9: all characters numeric; replaced as byte
(9534 missing values generated)
beh2_10: all characters numeric; replaced as byte
(9534 missing values generated)
beh1: all characters numeric; replaced as byte
beh2: all characters numeric; replaced as byte
(7650 missing values generated)
beh3: all characters numeric; replaced as byte
(9196 missing values generated)
beh4: all characters numeric; replaced as byte
(9483 missing values generated)
beh5: all characters numeric; replaced as byte
(9521 missing values generated)
beh6: all characters numeric; replaced as byte
(9531 missing values generated)
beh7: all characters numeric; replaced as byte
(9534 missing values generated)
beh8: all characters numeric; replaced as byte
(9534 missing values generated)
beh9: all characters numeric; replaced as byte
(9534 missing values generated)
beh10: all characters numeric; replaced as byte
(9534 missing values generated)
behtrend1: all characters numeric; replaced as byte
behtrend2: all characters numeric; replaced as byte
(7650 missing values generated)
behtrend3: all characters numeric; replaced as byte
(9196 missing values generated)
behtrend4: all characters numeric; replaced as byte
(9483 missing values generated)
behtrend5: all characters numeric; replaced as byte
(9521 missing values generated)
behtrend6: all characters numeric; replaced as byte
(9531 missing values generated)
behtrend7: all characters numeric; replaced as byte
(9534 missing values generated)
behtrend8: all characters numeric; replaced as byte
(9534 missing values generated)
behtrend9: all characters numeric; replaced as byte
(9534 missing values generated)
behtrend10: all characters numeric; replaced as byte
(9534 missing values generated)
hist2_1 already numeric; no replace
hist2_2 already numeric; no replace
hist2_3 already numeric; no replace
hist2_4 already numeric; no replace
hist2_5 already numeric; no replace
hist2_6 already numeric; no replace
hist2_7 already numeric; no replace
hist2_8 already numeric; no replace
hist2_9 already numeric; no replace
hist2_10 already numeric; no replace
hist1 already numeric; no replace
hist2 already numeric; no replace
hist3 already numeric; no replace
hist4 already numeric; no replace
hist5 already numeric; no replace
hist6 already numeric; no replace
hist7 already numeric; no replace
hist8 already numeric; no replace
hist9 already numeric; no replace
hist10 already numeric; no replace
histrec1 already numeric; no replace
histrec2 already numeric; no replace
histrec3 already numeric; no replace
histrec4 already numeric; no replace
histrec5 already numeric; no replace
histrec6 already numeric; no replace
histrec7 already numeric; no replace
histrec8 already numeric; no replace
histrec9 already numeric; no replace
histrec10 already numeric; no replace
grade1: all characters numeric; replaced as byte
grade2: all characters numeric; replaced as byte
(7650 missing values generated)
grade3: all characters numeric; replaced as byte
(9196 missing values generated)
grade4: all characters numeric; replaced as byte
(9483 missing values generated)
grade5: all characters numeric; replaced as byte
(9521 missing values generated)
grade6: all characters numeric; replaced as byte
(9531 missing values generated)
grade7: all characters numeric; replaced as byte
(9534 missing values generated)
grade8: all characters numeric; replaced as byte
(9534 missing values generated)
grade9: all characters numeric; replaced as byte
(9534 missing values generated)
grade10: all characters numeric; replaced as byte
(9534 missing values generated)
dxconf1: all characters numeric; replaced as byte
dxconf2: all characters numeric; replaced as byte
(7650 missing values generated)
dxconf3: all characters numeric; replaced as byte
(9196 missing values generated)
dxconf4: all characters numeric; replaced as byte
(9483 missing values generated)
dxconf5: all characters numeric; replaced as byte
(9521 missing values generated)
dxconf6: all characters numeric; replaced as byte
(9531 missing values generated)
dxconf7: all characters numeric; replaced as byte
(9534 missing values generated)
dxconf8: all characters numeric; replaced as byte
(9534 missing values generated)
dxconf9: all characters numeric; replaced as byte
(9534 missing values generated)
dxconf10: all characters numeric; replaced as byte
(9534 missing values generated)
src1: all characters numeric; replaced as byte
src2: all characters numeric; replaced as byte
(7650 missing values generated)
src3: all characters numeric; replaced as byte
(9196 missing values generated)
src4: all characters numeric; replaced as byte
(9483 missing values generated)
src5: all characters numeric; replaced as byte
(9521 missing values generated)
src6: all characters numeric; replaced as byte
(9531 missing values generated)
src7: all characters numeric; replaced as byte
(9534 missing values generated)
src8: all characters numeric; replaced as byte
(9534 missing values generated)
src9: all characters numeric; replaced as byte
(9534 missing values generated)
src10: all characters numeric; replaced as byte
(9534 missing values generated)
e10sz1: all characters numeric; replaced as int
(6381 missing values generated)
e10sz2: all characters numeric; replaced as int
(9161 missing values generated)
e10sz3: all characters numeric; replaced as int
(9480 missing values generated)
e10sz4: all characters numeric; replaced as int
(9531 missing values generated)
e10sz5: all characters numeric; replaced as byte
(9533 missing values generated)
e10sz6: all characters numeric; replaced as byte
(9534 missing values generated)
e10sz7: all characters numeric; replaced as byte
(9534 missing values generated)
e10sz8: all characters numeric; replaced as byte
(9534 missing values generated)
e10sz9: all characters numeric; replaced as byte
(9534 missing values generated)
e10sz10: all characters numeric; replaced as byte
(9534 missing values generated)
e10ex1: all characters numeric; replaced as byte
(6381 missing values generated)
e10ex2: all characters numeric; replaced as byte
(9161 missing values generated)
e10ex3: all characters numeric; replaced as byte
(9480 missing values generated)
e10ex4: all characters numeric; replaced as byte
(9531 missing values generated)
e10ex5: all characters numeric; replaced as byte
(9533 missing values generated)
e10ex6: all characters numeric; replaced as byte
(9534 missing values generated)
e10ex7: all characters numeric; replaced as byte
(9534 missing values generated)
e10ex8: all characters numeric; replaced as byte
(9534 missing values generated)
e10ex9: all characters numeric; replaced as byte
(9534 missing values generated)
e10ex10: all characters numeric; replaced as byte
(9534 missing values generated)
e10pe1: all characters numeric; replaced as byte
(9394 missing values generated)
e10pe2: all characters numeric; replaced as byte
(9513 missing values generated)
e10pe3: all characters numeric; replaced as byte
(9531 missing values generated)
e10pe4: all characters numeric; replaced as byte
(9534 missing values generated)
e10pe5: all characters numeric; replaced as byte
(9534 missing values generated)
e10pe6: all characters numeric; replaced as byte
(9534 missing values generated)
e10pe7: all characters numeric; replaced as byte
(9534 missing values generated)
e10pe8: all characters numeric; replaced as byte
(9534 missing values generated)
e10pe9: all characters numeric; replaced as byte
(9534 missing values generated)
e10pe10: all characters numeric; replaced as byte
(9534 missing values generated)
e10nd1: all characters numeric; replaced as byte
(6381 missing values generated)
e10nd2: all characters numeric; replaced as byte
(9161 missing values generated)
e10nd3: all characters numeric; replaced as byte
(9480 missing values generated)
e10nd4: all characters numeric; replaced as byte
(9531 missing values generated)
e10nd5: all characters numeric; replaced as byte
(9533 missing values generated)
e10nd6: all characters numeric; replaced as byte
(9534 missing values generated)
e10nd7: all characters numeric; replaced as byte
(9534 missing values generated)
e10nd8: all characters numeric; replaced as byte
(9534 missing values generated)
e10nd9: all characters numeric; replaced as byte
(9534 missing values generated)
e10nd10: all characters numeric; replaced as byte
(9534 missing values generated)
e10pn1: all characters numeric; replaced as byte
(51 missing values generated)
e10pn2: all characters numeric; replaced as byte
(7652 missing values generated)
e10pn3: all characters numeric; replaced as byte
(9196 missing values generated)
e10pn4: all characters numeric; replaced as byte
(9483 missing values generated)
e10pn5: all characters numeric; replaced as byte
(9521 missing values generated)
e10pn6: all characters numeric; replaced as byte
(9531 missing values generated)
e10pn7: all characters numeric; replaced as byte
(9534 missing values generated)
e10pn8: all characters numeric; replaced as byte
(9534 missing values generated)
e10pn9: all characters numeric; replaced as byte
(9534 missing values generated)
e10pn10: all characters numeric; replaced as byte
(9534 missing values generated)
e10ne1: all characters numeric; replaced as byte
(51 missing values generated)
e10ne2: all characters numeric; replaced as byte
(7652 missing values generated)
e10ne3: all characters numeric; replaced as byte
(9196 missing values generated)
e10ne4: all characters numeric; replaced as byte
(9483 missing values generated)
e10ne5: all characters numeric; replaced as byte
(9521 missing values generated)
e10ne6: all characters numeric; replaced as byte
(9531 missing values generated)
e10ne7: all characters numeric; replaced as byte
(9534 missing values generated)
e10ne8: all characters numeric; replaced as byte
(9534 missing values generated)
e10ne9: all characters numeric; replaced as byte
(9534 missing values generated)
e10ne10: all characters numeric; replaced as byte
(9534 missing values generated)
cstum1: all characters numeric; replaced as int
(3204 missing values generated)
cstum2: all characters numeric; replaced as int
(8025 missing values generated)
cstum3: all characters numeric; replaced as int
(9250 missing values generated)
cstum4: all characters numeric; replaced as int
(9486 missing values generated)
cstum5: all characters numeric; replaced as int
(9522 missing values generated)
cstum6: all characters numeric; replaced as int
(9531 missing values generated)
cstum7: all characters numeric; replaced as byte
(9534 missing values generated)
cstum8: all characters numeric; replaced as byte
(9534 missing values generated)
cstum9: all characters numeric; replaced as byte
(9534 missing values generated)
cstum10: all characters numeric; replaced as byte
(9534 missing values generated)
nosrg1: all characters numeric; replaced as byte
nosrg2: all characters numeric; replaced as byte
(7650 missing values generated)
nosrg3: all characters numeric; replaced as byte
(9196 missing values generated)
nosrg4: all characters numeric; replaced as byte
(9483 missing values generated)
nosrg5: all characters numeric; replaced as byte
(9521 missing values generated)
nosrg6: all characters numeric; replaced as byte
(9531 missing values generated)
nosrg7: all characters numeric; replaced as byte
(9534 missing values generated)
nosrg8: all characters numeric; replaced as byte
(9534 missing values generated)
nosrg9: all characters numeric; replaced as byte
(9534 missing values generated)
nosrg10: all characters numeric; replaced as byte
(9534 missing values generated)
rad1: all characters numeric; replaced as byte
rad2: all characters numeric; replaced as byte
(7650 missing values generated)
rad3: all characters numeric; replaced as byte
(9196 missing values generated)
rad4: all characters numeric; replaced as byte
(9483 missing values generated)
rad5: all characters numeric; replaced as byte
(9521 missing values generated)
rad6: all characters numeric; replaced as byte
(9531 missing values generated)
rad7: all characters numeric; replaced as byte
(9534 missing values generated)
rad8: all characters numeric; replaced as byte
(9534 missing values generated)
rad9: all characters numeric; replaced as byte
(9534 missing values generated)
rad10: all characters numeric; replaced as byte
(9534 missing values generated)
radbrn1: all characters numeric; replaced as byte
radbrn2: all characters numeric; replaced as byte
(7650 missing values generated)
radbrn3: all characters numeric; replaced as byte
(9196 missing values generated)
radbrn4: all characters numeric; replaced as byte
(9483 missing values generated)
radbrn5: all characters numeric; replaced as byte
(9521 missing values generated)
radbrn6: all characters numeric; replaced as byte
(9531 missing values generated)
radbrn7: all characters numeric; replaced as byte
(9534 missing values generated)
radbrn8: all characters numeric; replaced as byte
(9534 missing values generated)
radbrn9: all characters numeric; replaced as byte
(9534 missing values generated)
radbrn10: all characters numeric; replaced as byte
(9534 missing values generated)
radsurg1: all characters numeric; replaced as byte
radsurg2: all characters numeric; replaced as byte
(7650 missing values generated)
radsurg3: all characters numeric; replaced as byte
(9196 missing values generated)
radsurg4: all characters numeric; replaced as byte
(9483 missing values generated)
radsurg5: all characters numeric; replaced as byte
(9521 missing values generated)
radsurg6: all characters numeric; replaced as byte
(9531 missing values generated)
radsurg7: all characters numeric; replaced as byte
(9534 missing values generated)
radsurg8: all characters numeric; replaced as byte
(9534 missing values generated)
radsurg9: all characters numeric; replaced as byte
(9534 missing values generated)
radsurg10: all characters numeric; replaced as byte
(9534 missing values generated)
typefu1: all characters numeric; replaced as byte
typefu2: all characters numeric; replaced as byte
(7650 missing values generated)
typefu3: all characters numeric; replaced as byte
(9196 missing values generated)
typefu4: all characters numeric; replaced as byte
(9483 missing values generated)
typefu5: all characters numeric; replaced as byte
(9521 missing values generated)
typefu6: all characters numeric; replaced as byte
(9531 missing values generated)
typefu7: all characters numeric; replaced as byte
(9534 missing values generated)
typefu8: all characters numeric; replaced as byte
(9534 missing values generated)
typefu9: all characters numeric; replaced as byte
(9534 missing values generated)
typefu10: all characters numeric; replaced as byte
(9534 missing values generated)
aj3sr1: all characters numeric; replaced as byte
(6381 missing values generated)
aj3sr2: all characters numeric; replaced as byte
(9161 missing values generated)
aj3sr3: all characters numeric; replaced as byte
(9480 missing values generated)
aj3sr4: all characters numeric; replaced as byte
(9531 missing values generated)
aj3sr5: all characters numeric; replaced as byte
(9533 missing values generated)
aj3sr6: all characters numeric; replaced as byte
(9534 missing values generated)
aj3sr7: all characters numeric; replaced as byte
(9534 missing values generated)
aj3sr8: all characters numeric; replaced as byte
(9534 missing values generated)
aj3sr9: all characters numeric; replaced as byte
(9534 missing values generated)
aj3sr10: all characters numeric; replaced as byte
(9534 missing values generated)
hstst1: all characters numeric; replaced as byte
(53 missing values generated)
hstst2: all characters numeric; replaced as byte
(7672 missing values generated)
hstst3: all characters numeric; replaced as byte
(9199 missing values generated)
hstst4: all characters numeric; replaced as byte
(9483 missing values generated)
hstst5: all characters numeric; replaced as byte
(9521 missing values generated)
hstst6: all characters numeric; replaced as byte
(9531 missing values generated)
hstst7: all characters numeric; replaced as byte
(9534 missing values generated)
hstst8: all characters numeric; replaced as byte
(9534 missing values generated)
hstst9: all characters numeric; replaced as byte
(9534 missing values generated)
hstst10: all characters numeric; replaced as byte
(9534 missing values generated)
ajccstg1: all characters numeric; replaced as byte
(6381 missing values generated)
ajccstg2: all characters numeric; replaced as byte
(9161 missing values generated)
ajccstg3: all characters numeric; replaced as byte
(9480 missing values generated)
ajccstg4: all characters numeric; replaced as byte
(9531 missing values generated)
ajccstg5: all characters numeric; replaced as byte
(9533 missing values generated)
ajccstg6: all characters numeric; replaced as byte
(9534 missing values generated)
ajccstg7: all characters numeric; replaced as byte
(9534 missing values generated)
ajccstg8: all characters numeric; replaced as byte
(9534 missing values generated)
ajccstg9: all characters numeric; replaced as byte
(9534 missing values generated)
ajccstg10: all characters numeric; replaced as byte
(9534 missing values generated)
frstprm1: all characters numeric; replaced as byte
frstprm2: all characters numeric; replaced as byte
(7650 missing values generated)
frstprm3: all characters numeric; replaced as byte
(9196 missing values generated)
frstprm4: all characters numeric; replaced as byte
(9483 missing values generated)
frstprm5: all characters numeric; replaced as byte
(9521 missing values generated)
frstprm6: all characters numeric; replaced as byte
(9531 missing values generated)
frstprm7: all characters numeric; replaced as byte
(9534 missing values generated)
frstprm8: all characters numeric; replaced as byte
(9534 missing values generated)
frstprm9: all characters numeric; replaced as byte
(9534 missing values generated)
frstprm10: all characters numeric; replaced as byte
(9534 missing values generated)
summ2k1: all characters numeric; replaced as byte
(469 missing values generated)
summ2k2: all characters numeric; replaced as byte
(7779 missing values generated)
summ2k3: all characters numeric; replaced as byte
(9229 missing values generated)
summ2k4: all characters numeric; replaced as byte
(9488 missing values generated)
summ2k5: all characters numeric; replaced as byte
(9524 missing values generated)
summ2k6: all characters numeric; replaced as byte
(9532 missing values generated)
summ2k7: all characters numeric; replaced as byte
(9534 missing values generated)
summ2k8: all characters numeric; replaced as byte
(9534 missing values generated)
summ2k9: all characters numeric; replaced as byte
(9534 missing values generated)
summ2k10: all characters numeric; replaced as byte
(9534 missing values generated)
vsrtdx1: all characters numeric; replaced as byte
vsrtdx2: all characters numeric; replaced as byte
(7615 missing values generated)
vsrtdx3: all characters numeric; replaced as byte
(9181 missing values generated)
vsrtdx4: all characters numeric; replaced as byte
(9483 missing values generated)
vsrtdx5: all characters numeric; replaced as byte
(9520 missing values generated)
vsrtdx6: all characters numeric; replaced as byte
(9531 missing values generated)
vsrtdx7: all characters numeric; replaced as byte
(9534 missing values generated)
vsrtdx8: all characters numeric; replaced as byte
(9534 missing values generated)
vsrtdx9: all characters numeric; replaced as byte
(9534 missing values generated)
vsrtdx10: all characters numeric; replaced as byte
(9534 missing values generated)
intprim1: all characters numeric; replaced as byte
intprim2: all characters numeric; replaced as byte
(7650 missing values generated)
intprim3: all characters numeric; replaced as byte
(9196 missing values generated)
intprim4: all characters numeric; replaced as byte
(9483 missing values generated)
intprim5: all characters numeric; replaced as byte
(9521 missing values generated)
intprim6: all characters numeric; replaced as byte
(9531 missing values generated)
intprim7: all characters numeric; replaced as byte
(9534 missing values generated)
intprim8: all characters numeric; replaced as byte
(9534 missing values generated)
intprim9: all characters numeric; replaced as byte
(9534 missing values generated)
intprim10: all characters numeric; replaced as byte
(9534 missing values generated)
srvm1: all characters numeric; replaced as int
srvm2: all characters numeric; replaced as int
(7615 missing values generated)
srvm3: all characters numeric; replaced as int
(9181 missing values generated)
srvm4: all characters numeric; replaced as int
(9483 missing values generated)
srvm5: all characters numeric; replaced as int
(9520 missing values generated)
srvm6: all characters numeric; replaced as byte
(9531 missing values generated)
srvm7: all characters numeric; replaced as byte
(9534 missing values generated)
srvm8: all characters numeric; replaced as byte
(9534 missing values generated)
srvm9: all characters numeric; replaced as byte
(9534 missing values generated)
srvm10: all characters numeric; replaced as byte
(9534 missing values generated)
srvmflag1: all characters numeric; replaced as byte
srvmflag2: all characters numeric; replaced as byte
(7615 missing values generated)
srvmflag3: all characters numeric; replaced as byte
(9181 missing values generated)
srvmflag4: all characters numeric; replaced as byte
(9483 missing values generated)
srvmflag5: all characters numeric; replaced as byte
(9520 missing values generated)
srvmflag6: all characters numeric; replaced as byte
(9531 missing values generated)
srvmflag7: all characters numeric; replaced as byte
(9534 missing values generated)
srvmflag8: all characters numeric; replaced as byte
(9534 missing values generated)
srvmflag9: all characters numeric; replaced as byte
(9534 missing values generated)
srvmflag10: all characters numeric; replaced as byte
(9534 missing values generated)
monrx1: all characters numeric; replaced as byte
(3350 missing values generated)
monrx2: all characters numeric; replaced as byte
(8255 missing values generated)
monrx3: all characters numeric; replaced as byte
(9284 missing values generated)
monrx4: all characters numeric; replaced as byte
(9494 missing values generated)
monrx5: all characters numeric; replaced as byte
(9522 missing values generated)
monrx6: all characters numeric; replaced as byte
(9531 missing values generated)
monrx7: all characters numeric; replaced as byte
(9534 missing values generated)
monrx8: all characters numeric; replaced as byte
(9534 missing values generated)
monrx9: all characters numeric; replaced as byte
(9534 missing values generated)
monrx10: all characters numeric; replaced as byte
(9534 missing values generated)
yearrx1: all characters numeric; replaced as int
(3274 missing values generated)
yearrx2: all characters numeric; replaced as int
(8241 missing values generated)
yearrx3: all characters numeric; replaced as int
(9284 missing values generated)
yearrx4: all characters numeric; replaced as int
(9494 missing values generated)
yearrx5: all characters numeric; replaced as int
(9522 missing values generated)
yearrx6: all characters numeric; replaced as int
(9531 missing values generated)
yearrx7: all characters numeric; replaced as byte
(9534 missing values generated)
yearrx8: all characters numeric; replaced as byte
(9534 missing values generated)
yearrx9: all characters numeric; replaced as byte
(9534 missing values generated)
yearrx10: all characters numeric; replaced as byte
(9534 missing values generated)
registry1991: contains nonnumeric characters; replaced as byte
(6653 missing values generated)
registry1992: contains nonnumeric characters; replaced as byte
(6243 missing values generated)
registry1993: contains nonnumeric characters; replaced as byte
(5853 missing values generated)
registry1994: contains nonnumeric characters; replaced as byte
(5474 missing values generated)
registry1995: contains nonnumeric characters; replaced as byte
(5060 missing values generated)
registry1996: contains nonnumeric characters; replaced as byte
(4655 missing values generated)
registry1997: contains nonnumeric characters; replaced as byte
(4296 missing values generated)
registry1998: contains nonnumeric characters; replaced as byte
(3905 missing values generated)
registry1999: contains nonnumeric characters; replaced as byte
(3483 missing values generated)
registry2000: contains nonnumeric characters; replaced as byte
(3089 missing values generated)
registry2001: contains nonnumeric characters; replaced as byte
(3049 missing values generated)
registry2002: contains nonnumeric characters; replaced as byte
(3179 missing values generated)
registry2003: contains nonnumeric characters; replaced as byte
(3378 missing values generated)
registry2004: contains nonnumeric characters; replaced as byte
(3636 missing values generated)
registry2005: contains nonnumeric characters; replaced as byte
(3752 missing values generated)
registry2006: contains nonnumeric characters; replaced as byte
(4096 missing values generated)
registry2007: contains nonnumeric characters; replaced as byte
(4567 missing values generated)
registry2008: contains nonnumeric characters; replaced as byte
(4881 missing values generated)
registry2009: contains nonnumeric characters; replaced as byte
(5313 missing values generated)
registry2010: contains nonnumeric characters; replaced as byte
(5820 missing values generated)
registry2011: contains nonnumeric characters; replaced as byte
(6255 missing values generated)
registry2012: contains nonnumeric characters; replaced as byte
(6792 missing values generated)
registry2013: contains nonnumeric characters; replaced as byte
(7327 missing values generated)
registry2014: contains nonnumeric characters; replaced as byte
(7892 missing values generated)
registry2015: contains nonnumeric characters; replaced as byte
(8203 missing values generated)
(saving in Stata 12 format, which can be read by Stata 11 or 12)
file /Volumes/QSU/Datasets/SEER_medicare/pedsf_06_small.dta saved

. 
end of do-file

. tab gho1

        HMO |
Entitlement |
    Monthly |
  Indicator |      Freq.     Percent        Cum.
------------+-----------------------------------
          0 |      8,992       94.32       94.32
          1 |        199        2.09       96.40
          C |        343        3.60      100.00
------------+-----------------------------------
      Total |      9,534      100.00

. tab seq1

Sequence at |
  Diagnosis |      Freq.     Percent        Cum.
------------+-----------------------------------
          0 |      6,754       70.84       70.84
          1 |      1,723       18.07       88.91
          2 |        939        9.85       98.76
          3 |         95        1.00       99.76
          4 |         18        0.19       99.95
          5 |          4        0.04       99.99
          7 |          1        0.01      100.00
------------+-----------------------------------
      Total |      9,534      100.00

. tab yrdx1

    Year of |
  Diagnosis |      Freq.     Percent        Cum.
------------+-----------------------------------
       1973 |          3        0.03        0.03
       1975 |          3        0.03        0.06
       1976 |          1        0.01        0.07
       1977 |          7        0.07        0.15
       1978 |          2        0.02        0.17
       1979 |          4        0.04        0.21
       1980 |          4        0.04        0.25
       1981 |          1        0.01        0.26
       1982 |          7        0.07        0.34
       1983 |          2        0.02        0.36
       1984 |          6        0.06        0.42
       1986 |          8        0.08        0.50
       1987 |          3        0.03        0.53
       1988 |          5        0.05        0.59
       1989 |          6        0.06        0.65
       1990 |          7        0.07        0.72
       1991 |          7        0.07        0.80
       1992 |         29        0.30        1.10
       1993 |         33        0.35        1.45
       1994 |         49        0.51        1.96
       1995 |         58        0.61        2.57
       1996 |         65        0.68        3.25
       1997 |         45        0.47        3.72
       1998 |         50        0.52        4.25
       1999 |         54        0.57        4.81
       2000 |        794        8.33       13.14
       2001 |        574        6.02       19.16
       2002 |      1,053       11.04       30.21
       2003 |        324        3.40       33.61
       2004 |        577        6.05       39.66
       2005 |        786        8.24       47.90
       2006 |        790        8.29       56.19
       2007 |        527        5.53       61.72
       2008 |        707        7.42       69.13
       2009 |        715        7.50       76.63
       2010 |        529        5.55       82.18
       2011 |        633        6.64       88.82
       2012 |        437        4.58       93.40
       2013 |        629        6.60      100.00
------------+-----------------------------------
      Total |      9,534      100.00

. tab siterwho1

Site recode |
ICD-O-3/WHO |
       2008 |      Freq.     Percent        Cum.
------------+-----------------------------------
      20010 |          5        0.05        0.05
      20020 |         24        0.25        0.30
      20030 |          3        0.03        0.34
      20040 |         12        0.13        0.46
      20050 |          9        0.09        0.56
      20060 |          2        0.02        0.58
      20070 |          8        0.08        0.66
      20080 |          1        0.01        0.67
      20090 |         10        0.10        0.78
      20100 |          7        0.07        0.85
      21010 |          7        0.07        0.92
      21020 |         11        0.12        1.04
      21030 |          3        0.03        1.07
      21041 |         18        0.19        1.26
      21042 |          2        0.02        1.28
      21043 |         21        0.22        1.50
      21044 |          8        0.08        1.58
      21045 |         13        0.14        1.72
      21046 |          2        0.02        1.74
      21047 |          7        0.07        1.81
      21048 |         35        0.37        2.18
      21051 |         20        0.21        2.39
      21052 |         32        0.34        2.73
      21060 |          9        0.09        2.82
      21071 |          8        0.08        2.91
      21080 |          1        0.01        2.92
      21090 |          6        0.06        2.98
      21100 |          7        0.07        3.05
      21120 |          1        0.01        3.06
      22020 |         48        0.50        3.57
      22030 |      8,179       85.79       89.35
      23000 |          1        0.01       89.36
      24000 |          8        0.08       89.45
      25010 |         62        0.65       90.10
      25020 |          9        0.09       90.19
      26000 |        270        2.83       93.02
      27010 |         21        0.22       93.25
      27020 |         28        0.29       93.54
      27040 |          7        0.07       93.61
      27050 |          2        0.02       93.63
      27060 |         14        0.15       93.78
      27070 |          2        0.02       93.80
      28010 |        253        2.65       96.45
      28020 |          3        0.03       96.49
      28030 |          2        0.02       96.51
      28040 |          2        0.02       96.53
      29010 |        138        1.45       97.98
      29020 |         40        0.42       98.40
      29030 |          3        0.03       98.43
      29040 |          1        0.01       98.44
      30000 |          6        0.06       98.50
      31010 |          1        0.01       98.51
      32010 |         13        0.14       98.65
      32020 |          1        0.01       98.66
      33011 |          4        0.04       98.70
      33041 |         31        0.33       99.02
      33042 |         23        0.24       99.27
      34000 |         11        0.12       99.38
      35011 |          1        0.01       99.39
      35012 |         24        0.25       99.64
      35021 |          1        0.01       99.65
      35022 |          4        0.04       99.70
      35043 |          1        0.01       99.71
      36010 |          2        0.02       99.73
      37000 |         26        0.27      100.00
------------+-----------------------------------
      Total |      9,534      100.00

. tab agedx1

     Age at |
  Diagnosis |      Freq.     Percent        Cum.
------------+-----------------------------------
         28 |          1        0.01        0.01
         30 |          2        0.02        0.03
         31 |          2        0.02        0.05
         33 |          1        0.01        0.06
         34 |          3        0.03        0.09
         35 |          3        0.03        0.13
         36 |          3        0.03        0.16
         37 |          2        0.02        0.18
         38 |          3        0.03        0.21
         39 |          1        0.01        0.22
         40 |          3        0.03        0.25
         41 |          5        0.05        0.30
         42 |          5        0.05        0.36
         43 |          8        0.08        0.44
         44 |          6        0.06        0.50
         45 |         11        0.12        0.62
         46 |         13        0.14        0.76
         47 |         18        0.19        0.94
         48 |         24        0.25        1.20
         49 |         16        0.17        1.36
         50 |         28        0.29        1.66
         51 |         33        0.35        2.00
         52 |         31        0.33        2.33
         53 |         43        0.45        2.78
         54 |         43        0.45        3.23
         55 |         71        0.74        3.98
         56 |         71        0.74        4.72
         57 |         89        0.93        5.65
         58 |         83        0.87        6.52
         59 |        105        1.10        7.63
         60 |        106        1.11        8.74
         61 |        132        1.38       10.12
         62 |        154        1.62       11.74
         63 |        163        1.71       13.45
         64 |        277        2.91       16.35
         65 |        304        3.19       19.54
         66 |        328        3.44       22.98
         67 |        346        3.63       26.61
         68 |        374        3.92       30.53
         69 |        382        4.01       34.54
         70 |        375        3.93       38.47
         71 |        342        3.59       42.06
         72 |        354        3.71       45.77
         73 |        392        4.11       49.88
         74 |        404        4.24       54.12
         75 |        390        4.09       58.21
         76 |        377        3.95       62.17
         77 |        382        4.01       66.17
         78 |        376        3.94       70.12
         79 |        362        3.80       73.91
         80 |        315        3.30       77.22
         81 |        312        3.27       80.49
         82 |        302        3.17       83.66
         83 |        274        2.87       86.53
         84 |        255        2.67       89.21
         85 |        200        2.10       91.30
         86 |        160        1.68       92.98
         87 |        160        1.68       94.66
         88 |        131        1.37       96.04
         89 |        103        1.08       97.12
         90 |         66        0.69       97.81
         91 |         44        0.46       98.27
         92 |         49        0.51       98.78
         93 |         33        0.35       99.13
         94 |         27        0.28       99.41
         95 |         16        0.17       99.58
         96 |         16        0.17       99.75
         97 |          5        0.05       99.80
         98 |          8        0.08       99.88
         99 |          6        0.06       99.95
        100 |          1        0.01       99.96
        101 |          2        0.02       99.98
        102 |          1        0.01       99.99
        104 |          1        0.01      100.00
------------+-----------------------------------
      Total |      9,534      100.00

. tab modx1

   Month of |
  Diagnosis |      Freq.     Percent        Cum.
------------+-----------------------------------
         01 |        878        9.30        9.30
         02 |        757        8.02       17.32
         03 |        838        8.88       26.20
         04 |        808        8.56       34.76
         05 |        838        8.88       43.64
         06 |        757        8.02       51.66
         07 |        717        7.60       59.25
         08 |        763        8.08       67.34
         09 |        738        7.82       75.16
         10 |        839        8.89       84.04
         11 |        825        8.74       92.79
         12 |        681        7.21      100.00
------------+-----------------------------------
      Total |      9,439      100.00

. do "/var/folders/x2/gkyq3hbx5219h68lwx_tsv540000gn/T//SD33348.000000"

. capture log close
